Thu Aug 02 23:30:54 CST 2012  [debug] AvalonLogSystem initialized using logfile 'velocity.log'
Thu Aug 02 23:30:54 CST 2012   [info] ************************************************************** 
Thu Aug 02 23:30:54 CST 2012   [info] Starting Jakarta Velocity v1.4
Thu Aug 02 23:30:54 CST 2012   [info] RuntimeInstance initializing.
Thu Aug 02 23:30:54 CST 2012   [info] Default Properties File: org/apache/velocity/runtime/defaults/velocity.properties
Thu Aug 02 23:30:54 CST 2012   [info] Trying to use logger class org.apache.velocity.runtime.log.AvalonLogSystem
Thu Aug 02 23:30:54 CST 2012   [info] Using logger class org.apache.velocity.runtime.log.AvalonLogSystem
Thu Aug 02 23:30:54 CST 2012   [info] Default ResourceManager initializing. (class org.apache.velocity.runtime.resource.ResourceManagerImpl)
Thu Aug 02 23:30:54 CST 2012   [info] Resource Loader Instantiated: org.apache.velocity.runtime.resource.loader.FileResourceLoader
Thu Aug 02 23:30:54 CST 2012   [info] FileResourceLoader : initialization starting.
Thu Aug 02 23:30:54 CST 2012   [info] FileResourceLoader : adding path '/home/youyong/workspace/cat/cat-notify/webapp/template'
Thu Aug 02 23:30:54 CST 2012   [info] FileResourceLoader : initialization complete.
Thu Aug 02 23:30:54 CST 2012   [info] ResourceCache : initialized. (class org.apache.velocity.runtime.resource.ResourceCacheImpl)
Thu Aug 02 23:30:54 CST 2012   [info] Default ResourceManager initialization complete.
Thu Aug 02 23:30:54 CST 2012   [info] Loaded System Directive: org.apache.velocity.runtime.directive.Literal
Thu Aug 02 23:30:54 CST 2012   [info] Loaded System Directive: org.apache.velocity.runtime.directive.Macro
Thu Aug 02 23:30:54 CST 2012   [info] Loaded System Directive: org.apache.velocity.runtime.directive.Parse
Thu Aug 02 23:30:54 CST 2012   [info] Loaded System Directive: org.apache.velocity.runtime.directive.Include
Thu Aug 02 23:30:54 CST 2012   [info] Loaded System Directive: org.apache.velocity.runtime.directive.Foreach
Thu Aug 02 23:30:54 CST 2012   [info] Created: 20 parsers.
Thu Aug 02 23:30:54 CST 2012   [info] Velocimacro : initialization starting.
Thu Aug 02 23:30:54 CST 2012   [info] Velocimacro : adding VMs from VM library template : VM_global_library.vm
Thu Aug 02 23:30:54 CST 2012  [error] ResourceManager : unable to find resource 'VM_global_library.vm' in any resource loader.
Thu Aug 02 23:30:54 CST 2012   [info] Velocimacro : error using  VM library template VM_global_library.vm : org.apache.velocity.exception.ResourceNotFoundException: Unable to find resource 'VM_global_library.vm'
Thu Aug 02 23:30:54 CST 2012   [info] Velocimacro :  VM library template macro registration complete.
Thu Aug 02 23:30:54 CST 2012   [info] Velocimacro : allowInline = true : VMs can be defined inline in templates
Thu Aug 02 23:30:54 CST 2012   [info] Velocimacro : allowInlineToOverride = false : VMs defined inline may NOT replace previous VM definitions
Thu Aug 02 23:30:54 CST 2012   [info] Velocimacro : allowInlineLocal = false : VMs defined inline will be  global in scope if allowed.
Thu Aug 02 23:30:54 CST 2012   [info] Velocimacro : messages on  : VM system will output logging messages
Thu Aug 02 23:30:54 CST 2012   [info] Velocimacro : autoload off  : VM system will not automatically reload global library macros
Thu Aug 02 23:30:54 CST 2012   [info] Velocimacro : initialization complete.
Thu Aug 02 23:30:54 CST 2012   [info] Velocity successfully started.
